<?xml version="1.0" encoding="UTF-8"?>
<!-- Generated by org.testng.reporters.JUnitReportReporter -->
<testsuite skipped="0" hostname="ATMECSBLRLT-016" name="TestNG" tests="1" failures="0" timestamp="2020-09-10T19:24:35 IST" time="0.012" errors="0">
  <testcase name="testCase1" time="0.012" classname="TestNG"/>
  <system-out/>
</testsuite> <!-- TestNG -->
