<?xml version="1.0" encoding="UTF-8"?>
<!-- Generated by org.testng.reporters.JUnitReportReporter -->
<testsuite skipped="0" hostname="ATMECSBLRLT-016" name="NewTest" tests="1" failures="0" timestamp="2020-09-10T16:31:15 IST" time="0.007" errors="0">
  <testcase name="testCase1" time="0.007" classname="NewTest"/>
  <system-out/>
</testsuite> <!-- NewTest -->
